[12:34:42] [main/INFO]: Setting user: Player475
[12:34:44] [Client thread/INFO]: LWJGL Version: 2.9.1
[12:34:55] [Client thread/INFO]: Reloading ResourceManager: Default, FMLFileResourcePack:Forge Mod Loader, FMLFileResourcePack:Minecraft Forge, FMLFileResourcePack:Test Mod 1
[12:34:57] [Sound Library Loader/INFO]: Sound engine started
[12:34:58] [Client thread/INFO]: Created: 16x16 textures/blocks-atlas
[12:34:58] [Client thread/INFO]: Created: 16x16 textures/items-atlas
[12:34:58] [Client thread/INFO]: Reloading ResourceManager: Default, FMLFileResourcePack:Forge Mod Loader, FMLFileResourcePack:Minecraft Forge, FMLFileResourcePack:Test Mod 1
[12:34:59] [Client thread/INFO]: Created: 512x256 textures/blocks-atlas
[12:34:59] [Client thread/INFO]: Created: 256x256 textures/items-atlas
[12:35:00] [Sound Library Loader/INFO]: Sound engine started
[12:35:13] [Server thread/INFO]: Starting integrated minecraft server version 1.7.10
[12:35:13] [Server thread/INFO]: Generating keypair
[12:35:14] [Server thread/INFO]: Preparing start region for level 0
[12:35:15] [Server thread/INFO]: Preparing spawn area: 36%
[12:35:16] [Server thread/INFO]: Player475[local:E:ab917cc7] logged in with entity id 159 at (97.49815609634202, 8.524270991890978, -353.2318192356651)
[12:35:16] [Server thread/INFO]: Player475 joined the game
[12:35:22] [Server thread/INFO]: Player475 has just earned the achievement [Taking Inventory]
[12:35:22] [Client thread/INFO]: [CHAT] Player475 has just earned the achievement [Taking Inventory]
[12:38:38] [Server thread/INFO]: Saving and pausing game...
[12:38:38] [Server thread/INFO]: Saving chunks for level 'Modtesting'/Overworld
[12:38:38] [Server thread/INFO]: Saving chunks for level 'Modtesting'/Nether
[12:38:38] [Server thread/INFO]: Saving chunks for level 'Modtesting'/The End
[13:43:48] [Server thread/WARN]: Can't keep up! Did the system time change, or is the server overloaded? Running 2316ms behind, skipping 46 tick(s)
sourceManager: Default, FMLFileResourcePack:Forge Mod Loader, FMLFileResourcePack:Minecraft Forge, FMLFileResourcePack:Test Mod 1
[13:11:32] [Sound Library Loader/INFO]: Sound engine started
[13:11:53] [Client thread/INFO]: Created: 16x16 textures/blocks-atlas
[13:11:53] [Client thread/INFO]: Created: 16x16 textures/items-atlas
[13:11:54] [Client thread/INFO]: Reloading ResourceManager: Default, FMLFileResourcePack:Forge Mod Loader, FMLFileResourcePack:Minecraft Forge, FMLFileResourcePack:Test Mod 1
[13:11:56] [Client thread/INFO]: Created: 512x256 textures/blocks-atlas
[13:11:56] [Client thread/INFO]: Created: 256x256 textures/items-atlas
[13:11:57] [Sound Library Loader/INFO]: Sound engine started
[13:12:07] [Server thread/INFO]: Starting integrated minecraft server version 1.7.10
[13:12:07] [Server thread/INFO]: Generating keypair
[13:12:08] [Server thread/INFO]: Preparing start region for level 0
[13:12:10] [Server thread/INFO]: Preparing spawn area: 13%
[13:12:11] [Server thread/INFO]: Preparing spawn area: 73%
[13:12:16] [Server thread/INFO]: Player355[local:E:7a066211] logged in with entity id 161 at (91.06705980770084, 5.373351699638597, -356.9487383432943)
[13:12:16] [Server thread/INFO]: Player355 joined the game
[13:12:18] [Server thread/WARN]: Can't keep up! Did the system time change, or is the server overloaded? Running 2251ms behind, skipping 45 tick(s)
[13:12:19] [Server thread/INFO]: Saving and pausing game...
[13:12:19] [Server thread/INFO]: Saving chunks for level 'Modtesting'/Overworld
[13:12:19] [Server thread/INFO]: Saving chunks for level 'Modtesting'/Nether
[13:12:19] [Server thread/INFO]: Saving chunks for level 'Modtesting'/The End
[13:12:35] [Server thread/INFO]: Player355 has just earned the achievement [Taking Inventory]
[13:12:35] [Client thread/INFO]: [CHAT] Player355 has just earned the achievement [Taking Inventory]
[13:17:14] [Server thread/INFO]: Saving and pausing game...
[13:17:14] [Server thread/INFO]: Saving chunks for level 'Modtesting'/Overworld
[13:17:14] [Server thread/INFO]: Saving chunks for level 'Modtesting'/Nether
[13:17:14] [Server thread/INFO]: Saving chunks for level 'Modtesting'/The End
[13:17:15] [Client thread/INFO]: Stopping!
[13:17:15] [Server thread/INFO]: Stopping server
[13:17:15] [Server thread/INFO]: Saving players
[13:17:15] [Server thread/INFO]: Saving worlds
[13:17:15] [Server thread/INFO]: Saving chunks for level 'Modtesting'/Overworld
[13:17:15] [Server thread/INFO]: Saving chunks for level 'Modtesting'/Nether
[13:17:15] [Server thread/INFO]: Saving chunks for level 'Modtesting'/The End
[13:17:15] [Client Shutdown Thread/INFO]: Stopping server
[13:17:15] [Client Shutdown Thread/INFO]: Saving players
[13:42:34] [main/INFO]: Setting user: Player999
[13:42:39] [Client thread/INFO]: LWJGL Version: 2.9.1
[13:43:09] [Client thread/INFO]: Reloading ResourceManager: Default, FMLFileResourcePack:Forge Mod Loader, FMLFileResourcePack:Minecraft Forge, FMLFileResourcePack:Test Mod 1
[13:43:13] [Sound Library Loader/INFO]: Sound engine started
[13:43:17] [Client thread/INFO]: Created: 16x16 textures/blocks-atlas
[13:43:17] [Client thread/INFO]: Created: 16x16 textures/items-atlas
[13:43:17] [Client thread/INFO]: Reloading ResourceManager: Default, FMLFileResourcePack:Forge Mod Loader, FMLFileResourcePack:Minecraft Forge, FMLFileResourcePack:Test Mod 1
[13:43:19] [Client thread/INFO]: Created: 512x256 textures/blocks-atlas
[13:43:20] [Client thread/INFO]: Created: 256x256 textures/items-atlas
[13:43:20] [Sound Library Loader/INFO]: Sound engine started
[13:43:33] [Server thread/INFO]: Starting integrated minecraft server version 1.7.10
[13:43:33] [Server thread/INFO]: Generating keypair
[13:43:34] [Server thread/INFO]: Preparing start region for level 0
[13:43:35] [Server thread/INFO]: Preparing spawn area: 13%
[13:43:40] [Server thread/INFO]: Player999[local:E:d5949656] logged in with entity id 157 at (93.31185973392009, 8.620290918368493, -360.9059045199586)
[13:43:40] [Server thread/INFO]: Player999 joined the game
[13:43:43] [pool-2-thread-1/WARN]: Couldn't look up profile properties for com.mojang.authlib.GameProfile@741d6677[id=3c28cca8-db38-324d-ac91-779beed87c8d,name=Player999,properties={},legacy=false]
com.mojang.authlib.exceptions.AuthenticationException: The server encountered an unexpected condition which prevented it from fulfilling the request
	at com.mojang.authlib.yggdrasil.YggdrasilAuthenticationService.makeRequest(YggdrasilAuthenticationService.java:65) ~[YggdrasilAuthenticationService.class:?]
	at com.mojang.authlib.yggdrasil.YggdrasilMinecraftSessionService.fillGameProfile(YggdrasilMinecraftSessionService.java:158) [YggdrasilMinecraftSessionService.class:?]
	at com.mojang.authlib.yggdrasil.YggdrasilMinecraftSessionService$1.load(YggdrasilMinecraftSessionService.java:53) [YggdrasilMinecraftSessionService$1.class:?]
	at com.mojang.authlib.yggdrasil.YggdrasilMinecraftSessionService$1.load(YggdrasilMinecraftSessionService.java:50) [YggdrasilMinecraftSessionService$1.class:?]
	at com.google.common.cache.LocalCache$LoadingValueReference.loadFuture(LocalCache.java:3524) [guava-17.0.jar:?]
	at com.google.common.cache.LocalCache$Segment.loadSync(LocalCache.java:2317) [guava-17.0.jar:?]
	at com.google.common.cache.LocalCache$Segment.lockedGetOrLoad(LocalCache.java:2280) [guava-17.0.jar:?]
	at com.google.common.cache.LocalCache$Segment.get(LocalCache.java:2195) [guava-17.0.jar:?]
	at com.google.common.cache.LocalCache.get(LocalCache.java:3934) [guava-17.0.jar:?]
	at com.google.common.cache.LocalCache.getOrLoad(LocalCache.java:3938) [guava-17.0.jar:?]
	at com.google.common.cache.LocalCache$LocalLoadingCache.get(LocalCache.java:4821) [guava-17.0.jar:?]
	at com.google.common.cache.LocalCache$LocalLoadingCache.getUnchecked(LocalCache.java:4827) [guava-17.0.jar:?]
	at com.mojang.authlib.yggdrasil.YggdrasilMinecraftSessionService.fillProfileProperties(YggdrasilMinecraftSessionService.java:148) [YggdrasilMinecraftSessionService.class:?]
	at net.minecraft.client.resources.SkinManager$3.run(SkinManager.java:133) [SkinManager$3.class:?]
	at java.util.concurrent.Executors$RunnableAdapter.call(Executors.java:511) [?:1.8.0_51]
	at java.util.concurrent.FutureTask.run(FutureTask.java:266) [?:1.8.0_51]
	at java.util.concurrent.ThreadPoolExecutor.runWorker(ThreadPoolExecutor.java:1142) [?:1.8.0_51]
	at java.util.concurrent.ThreadPoolExecutor$Worker.run(ThreadPoolExecutor.java:617) [?:1.8.0_51]
	at java.lang.Thread.run(Thread.java:745) [?:1.8.0_51]
[13:43:51] [Server thread/INFO]: Player999 has just earned the achievement [Taking Inventory]
[13:43:51] [Client thread/INFO]: [CHAT] Player999 has just earned the achievement [Taking Inventory]
[13:46:01] [Server thread/INFO]: [Player999: Set own game mode to Survival Mode]
[13:46:02] [Client thread/INFO]: [CHAT] Your game mode has been updated
[13:46:32] [Server thread/INFO]: [Player999: Set own game mode to Creative Mode]
[13:46:32] [Client thread/INFO]: [CHAT] Your game mode has been updated
[13:48:18] [Server thread/INFO]: Saving and pausing game...
[13:48:19] [Server thread/INFO]: Saving chunks for level 'Modtesting'/Overworld
[13:48:19] [Server thread/INFO]: Saving chunks for level 'Modtesting'/Nether
[13:48:19] [Server thread/INFO]: Saving chunks for level 'Modtesting'/The End
[13:48:19] [Client thread/INFO]: Stopping!
[13:48:19] [Server thread/INFO]: Stopping server
[13:48:19] [Server thread/INFO]: Saving players
[13:48:19] [Server thread/INFO]: Saving worlds
[13:48:19] [Server thread/INFO]: Saving chunks for level 'Modtesting'/Overworld
[13:48:19] [Server thread/INFO]: Saving chunks for level 'Modtesting'/Nether
[13:48:19] [Server thread/INFO]: Saving chunks for level 'Modtesting'/The End
[13:48:19] [Client Shutdown Thread/INFO]: Stopping server
[13:48:20] [Client Shutdown Thread/INFO]: Saving players
